Arguments: 
  /usr/local/share/nvm/versions/node/v19.5.0/bin/node /usr/share/yarn/bin/yarn.js add simulus-places-autocomplete

PATH: 
  /usr/local/rvm/gems/ruby-3.1.3/bin:/usr/local/rvm/gems/ruby-3.1.3@global/bin:/usr/local/rvm/rubies/ruby-3.1.3/bin:/usr/local/rvm/bin:/vscode/bin/linux-x64/441438abd1ac652551dbe4d408dfcec8a499b8bf/bin/remote-cli:/home/codespace/.local/bin:/home/codespace/.dotnet:/home/codespace/nvm/current/bin:/home/codespace/.php/current/bin:/home/codespace/.python/current/bin:/home/codespace/java/current/bin:/home/codespace/.ruby/current/bin:/home/codespace/.local/bin:/usr/local/oryx:/usr/local/go/bin:/go/bin:/usr/local/sdkman/bin:/usr/local/sdkman/candidates/java/current/bin:/usr/local/sdkman/candidates/gradle/current/bin:/usr/local/sdkman/candidates/maven/current/bin:/usr/local/sdkman/candidates/ant/current/bin:/usr/local/share/rbenv/bin:/opt/conda/bin:/usr/local/php/current/bin:/usr/local/python/current/bin:/usr/local/py-utils/bin:/usr/local/nvs:/usr/local/share/nvm/versions/node/v19.5.0/bin:/usr/local/hugo/bin:/usr/local/dotnet/current:/usr/local/sbin:/usr/local/bin:/usr/sbin:/usr/bin:/sbin:/bin:/home/codespace/.dotnet/tools

Yarn version: 
  1.22.19

Node version: 
  19.5.0

Platform: 
  linux x64

Trace: 
  Error: https://registry.yarnpkg.com/simulus-places-autocomplete: Not found
      at params.callback [as _callback] (/usr/share/yarn/lib/cli.js:66145:18)
      at self.callback (/usr/share/yarn/lib/cli.js:140890:22)
      at Request.emit (node:events:512:28)
      at Request.<anonymous> (/usr/share/yarn/lib/cli.js:141862:10)
      at Request.emit (node:events:512:28)
      at IncomingMessage.<anonymous> (/usr/share/yarn/lib/cli.js:141784:12)
      at Object.onceWrapper (node:events:626:28)
      at IncomingMessage.emit (node:events:524:35)
      at endReadableNT (node:internal/streams/readable:1359:12)
      at process.processTicksAndRejections (node:internal/process/task_queues:82:21)

npm manifest: 
  {
    "dependencies": {
      "stimulus-places-autocomplete": "^0.5.0"
    }
  }

yarn manifest: 
  No manifest

Lockfile: 
  # THIS IS AN AUTOGENERATED FILE. DO NOT EDIT THIS FILE DIRECTLY.
  # yarn lockfile v1
  
  
  stimulus-places-autocomplete@^0.5.0:
    version "0.5.0"
    resolved "https://registry.yarnpkg.com/stimulus-places-autocomplete/-/stimulus-places-autocomplete-0.5.0.tgz#a18603ee629ec0944c4adae6b76b3fed515e1e1a"
    integrity sha512-9cVHWDXlkewELruJlbkNjLm4izybkOnLKQLUX/5F18ht5Dev+4/p+venaTfcHOkX9lyVj1qDz/SAiAjZnLx7tQ==
